#
# There is insufficient memory for the Java Runtime Environment to continue.
# Native memory allocation (malloc) failed to allocate 823856 bytes for Chunk::new
# Possible reasons:
#   The system is out of physical RAM or swap space
#   In 32 bit mode, the process size limit was hit
# Possible solutions:
#   Reduce memory load on the system
#   Increase physical memory or swap space
#   Check if swap backing store is full
#   Use 64 bit Java on a 64 bit OS
#   Decrease Java heap size (-Xmx/-Xms)
#   Decrease number of Java threads
#   Decrease Java thread stack sizes (-Xss)
#   Set larger code cache with -XX:ReservedCodeCacheSize=
# This output file may be truncated or incomplete.
#
#  Out of Memory Error (allocation.cpp:390), pid=12848, tid=0x00000000000018ac
#
# JRE version: Java(TM) SE Runtime Environment (8.0_92-b14) (build 1.8.0_92-b14)
# Java VM: Java HotSpot(TM) 64-Bit Server VM (25.92-b14 mixed mode windows-amd64 compressed oops)
# Failed to write core dump. Minidumps are not enabled by default on client versions of Windows
#

---------------  T H R E A D  ---------------

Current thread (0x00000000152ee000):  JavaThread "C2 CompilerThread1" daemon [_thread_in_native, id=6316, stack(0x0000000016ee0000,0x0000000016fe0000)]

Stack: [0x0000000016ee0000,0x0000000016fe0000]
[error occurred during error reporting (printing stack bounds), id 0xc0000005]

Native frames: (J=compiled Java code, j=interpreted, Vv=VM code, C=native code)


Current CompileTask:
C2:  24082 1822   !   4       com.android.dx.cf.code.Ropper::processBlock (1101 bytes)


---------------  P R O C E S S  ---------------

Java Threads: ( => current thread )
  0x0000000016d80000 JavaThread "pool-2-thread-4" [_thread_in_Java, id=12120, stack(0x00000000176e0000,0x00000000177e0000)]
  0x0000000016d7f800 JavaThread "pool-2-thread-3" [_thread_in_Java, id=8320, stack(0x00000000175e0000,0x00000000176e0000)]
  0x0000000016d7e800 JavaThread "pool-2-thread-2" [_thread_in_Java, id=1016, stack(0x00000000174e0000,0x00000000175e0000)]
  0x0000000016d7b800 JavaThread "pool-3-thread-1" [_thread_blocked, id=11284, stack(0x00000000173e0000,0x00000000174e0000)]
  0x0000000016d7b000 JavaThread "pool-2-thread-1" [_thread_in_Java, id=10868, stack(0x00000000172e0000,0x00000000173e0000)]
  0x0000000016b35800 JavaThread "Service Thread" daemon [_thread_blocked, id=9376, stack(0x00000000170e0000,0x00000000171e0000)]
  0x0000000016b2b000 JavaThread "C1 CompilerThread2" daemon [_thread_blocked, id=11908, stack(0x0000000016fe0000,0x00000000170e0000)]
=>0x00000000152ee000 JavaThread "C2 CompilerThread1" daemon [_thread_in_native, id=6316, stack(0x0000000016ee0000,0x0000000016fe0000)]
  0x00000000152dd800 JavaThread "C2 CompilerThread0" daemon [_thread_in_native, id=9564, stack(0x00000000169e0000,0x0000000016ae0000)]
  0x00000000152db800 JavaThread "Attach Listener" daemon [_thread_blocked, id=11648, stack(0x00000000168e0000,0x00000000169e0000)]
  0x00000000152da800 JavaThread "Signal Dispatcher" daemon [_thread_blocked, id=2372, stack(0x00000000167e0000,0x00000000168e0000)]
  0x000000001527a800 JavaThread "Finalizer" daemon [_thread_blocked, id=10212, stack(0x00000000164e0000,0x00000000165e0000)]
  0x0000000002bb1800 JavaThread "Reference Handler" daemon [_thread_blocked, id=11256, stack(0x00000000163e0000,0x00000000164e0000)]
  0x0000000002abe800 JavaThread "main" [_thread_in_Java, id=12372, stack(0x00000000029b0000,0x0000000002ab0000)]

Other Threads:
  0x0000000015257800 VMThread [stack: 0x00000000162e0000,0x00000000163e0000] [id=10980]
  0x0000000016b90000 WatcherThread [stack: 0x00000000171e0000,0x00000000172e0000] [id=12564]

VM state:not at safepoint (normal execution)

VM Mutex/Monitor currently owned by a thread: None

Heap:
 PSYoungGen      total 138240K, used 118707K [0x00000000eab00000, 0x00000000f3700000, 0x0000000100000000)
  eden space 133120K, 85% used [0x00000000eab00000,0x00000000f19f4980,0x00000000f2d00000)
  from space 5120K, 99% used [0x00000000f3200000,0x00000000f36f8658,0x00000000f3700000)
  to   space 5120K, 0% used [0x00000000f2d00000,0x00000000f2d00000,0x00000000f3200000)
 ParOldGen       total 87552K, used 24411K [0x00000000c0000000, 0x00000000c5580000, 0x00000000eab00000)
  object space 87552K, 27% used [0x00000000c0000000,0x00000000c17d6f38,0x00000000c5580000)
 Metaspace       used 6384K, capacity 7256K, committed 7424K, reserved 1056768K
  class space    used 613K, capacity 656K, committed 768K, reserved 1048576K

Card table byte_map: [0x0000000011f80000,0x0000000012190000] byte_map_base: 0x0000000011980000

Marking Bits: (ParMarkBitMap*) 0x0000000053ab64f0
 Begin Bits: [0x00000000126f0000, 0x00000000136f0000)
 End Bits:   [0x00000000136f0000, 0x00000000146f0000)

Polling page: 0x0000000001170000

CodeCache: size=245760Kb used=9432Kb max_used=9434Kb free=236327Kb
 bounds [0x0000000002bc0000, 0x0000000003510000, 0x0000000011bc0000]
 total_blobs=2252 nmethods=1990 adapters=176
 compilation: enabled

Compilation events (10 events):
Event: 23.724 Thread 0x0000000016b2b000 2149       2       java.util.concurrent.ArrayBlockingQueue::dequeue (75 bytes)
Event: 23.725 Thread 0x0000000016b2b000 nmethod 2149 0x0000000002cc8c50 code [0x0000000002cc8de0, 0x0000000002cc9118]
Event: 23.760 Thread 0x0000000016b2b000 2150       1       com.android.dx.ssa.PhiInsn::isPhiOrMove (2 bytes)
Event: 23.761 Thread 0x0000000016b2b000 nmethod 2150 0x0000000002ccb850 code [0x0000000002ccb9a0, 0x0000000002ccbab0]
Event: 23.830 Thread 0x0000000016b2b000 2151   !   2       com.android.dx.dex.cf.CfTranslator::processFields (251 bytes)
Event: 23.834 Thread 0x0000000016b2b000 nmethod 2151 0x00000000034fe3d0 code [0x00000000034fe700, 0x00000000034ff428]
Event: 23.836 Thread 0x0000000016b2b000 2152       2       com.android.dx.cf.code.RopperMachine::jopToRopOpcode (1103 bytes)
Event: 23.839 Thread 0x0000000016b2b000 nmethod 2152 0x00000000034f2610 code [0x00000000034f2880, 0x00000000034f3678]
Event: 23.839 Thread 0x0000000016b2b000 2153       2       java.util.HashMap$TreeNode::find (172 bytes)
Event: 23.840 Thread 0x0000000016b2b000 nmethod 2153 0x0000000002d33610 code [0x0000000002d337c0, 0x0000000002d33bf8]

GC Heap History (8 events):
Event: 4.199 GC heap before
{Heap before GC invocations=1 (full 0):
 PSYoungGen      total 38400K, used 33280K [0x00000000eab00000, 0x00000000ed580000, 0x0000000100000000)
  eden space 33280K, 100% used [0x00000000eab00000,0x00000000ecb80000,0x00000000ecb80000)
  from space 5120K, 0% used [0x00000000ed080000,0x00000000ed080000,0x00000000ed580000)
  to   space 5120K, 0% used [0x00000000ecb80000,0x00000000ecb80000,0x00000000ed080000)
 ParOldGen       total 87552K, used 0K [0x00000000c0000000, 0x00000000c5580000, 0x00000000eab00000)
  object space 87552K, 0% used [0x00000000c0000000,0x00000000c0000000,0x00000000c5580000)
 Metaspace       used 5949K, capacity 6960K, committed 7040K, reserved 1056768K
  class space    used 591K, capacity 616K, committed 640K, reserved 1048576K
Event: 4.349 GC heap after
Heap after GC invocations=1 (full 0):
 PSYoungGen      total 38400K, used 5108K [0x00000000eab00000, 0x00000000ef600000, 0x0000000100000000)
  eden space 33280K, 0% used [0x00000000eab00000,0x00000000eab00000,0x00000000ecb80000)
  from space 5120K, 99% used [0x00000000ecb80000,0x00000000ed07d280,0x00000000ed080000)
  to   space 5120K, 0% used [0x00000000ef100000,0x00000000ef100000,0x00000000ef600000)
 ParOldGen       total 87552K, used 928K [0x00000000c0000000, 0x00000000c5580000, 0x00000000eab00000)
  object space 87552K, 1% used [0x00000000c0000000,0x00000000c00e82b8,0x00000000c5580000)
 Metaspace       used 5949K, capacity 6960K, committed 7040K, reserved 1056768K
  class space    used 591K, capacity 616K, committed 640K, reserved 1048576K
}
Event: 6.878 GC heap before
{Heap before GC invocations=2 (full 0):
 PSYoungGen      total 38400K, used 38388K [0x00000000eab00000, 0x00000000ef600000, 0x0000000100000000)
  eden space 33280K, 100% used [0x00000000eab00000,0x00000000ecb80000,0x00000000ecb80000)
  from space 5120K, 99% used [0x00000000ecb80000,0x00000000ed07d280,0x00000000ed080000)
  to   space 5120K, 0% used [0x00000000ef100000,0x00000000ef100000,0x00000000ef600000)
 ParOldGen       total 87552K, used 928K [0x00000000c0000000, 0x00000000c5580000, 0x00000000eab00000)
  object space 87552K, 1% used [0x00000000c0000000,0x00000000c00e82b8,0x00000000c5580000)
 Metaspace       used 6092K, capacity 7088K, committed 7296K, reserved 1056768K
  class space    used 592K, capacity 616K, committed 640K, reserved 1048576K
Event: 7.008 GC heap after
Heap after GC invocations=2 (full 0):
 PSYoungGen      total 71680K, used 5105K [0x00000000eab00000, 0x00000000ef600000, 0x0000000100000000)
  eden space 66560K, 0% used [0x00000000eab00000,0x00000000eab00000,0x00000000eec00000)
  from space 5120K, 99% used [0x00000000ef100000,0x00000000ef5fc7c8,0x00000000ef600000)
  to   space 5120K, 0% used [0x00000000eec00000,0x00000000eec00000,0x00000000ef100000)
 ParOldGen       total 87552K, used 5005K [0x00000000c0000000, 0x00000000c5580000, 0x00000000eab00000)
  object space 87552K, 5% used [0x00000000c0000000,0x00000000c04e3638,0x00000000c5580000)
 Metaspace       used 6092K, capacity 7088K, committed 7296K, reserved 1056768K
  class space    used 592K, capacity 616K, committed 640K, reserved 1048576K
}
Event: 13.744 GC heap before
{Heap before GC invocations=3 (full 0):
 PSYoungGen      total 71680K, used 71665K [0x00000000eab00000, 0x00000000ef600000, 0x0000000100000000)
  eden space 66560K, 100% used [0x00000000eab00000,0x00000000eec00000,0x00000000eec00000)
  from space 5120K, 99% used [0x00000000ef100000,0x00000000ef5fc7c8,0x00000000ef600000)
  to   space 5120K, 0% used [0x00000000eec00000,0x00000000eec00000,0x00000000ef100000)
 ParOldGen       total 87552K, used 5005K [0x00000000c0000000, 0x00000000c5580000, 0x00000000eab00000)
  object space 87552K, 5% used [0x00000000c0000000,0x00000000c04e3638,0x00000000c5580000)
 Metaspace       used 6177K, capacity 7152K, committed 7296K, reserved 1056768K
  class space    used 593K, capacity 616K, committed 640K, reserved 1048576K
Event: 14.862 GC heap after
Heap after GC invocations=3 (full 0):
 PSYoungGen      total 71680K, used 5102K [0x00000000eab00000, 0x00000000f3700000, 0x0000000100000000)
  eden space 66560K, 0% used [0x00000000eab00000,0x00000000eab00000,0x00000000eec00000)
  from space 5120K, 99% used [0x00000000eec00000,0x00000000ef0fbaa8,0x00000000ef100000)
  to   space 5120K, 0% used [0x00000000f3200000,0x00000000f3200000,0x00000000f3700000)
 ParOldGen       total 87552K, used 14901K [0x00000000c0000000, 0x00000000c5580000, 0x00000000eab00000)
  object space 87552K, 17% used [0x00000000c0000000,0x00000000c0e8d6c0,0x00000000c5580000)
 Metaspace       used 6177K, capacity 7152K, committed 7296K, reserved 1056768K
  class space    used 593K, capacity 616K, committed 640K, reserved 1048576K
}
Event: 18.408 GC heap before
{Heap before GC invocations=4 (full 0):
 PSYoungGen      total 71680K, used 71662K [0x00000000eab00000, 0x00000000f3700000, 0x0000000100000000)
  eden space 66560K, 100% used [0x00000000eab00000,0x00000000eec00000,0x00000000eec00000)
  from space 5120K, 99% used [0x00000000eec00000,0x00000000ef0fbaa8,0x00000000ef100000)
  to   space 5120K, 0% used [0x00000000f3200000,0x00000000f3200000,0x00000000f3700000)
 ParOldGen       total 87552K, used 14901K [0x00000000c0000000, 0x00000000c5580000, 0x00000000eab00000)
  object space 87552K, 17% used [0x00000000c0000000,0x00000000c0e8d6c0,0x00000000c5580000)
 Metaspace       used 6296K, capacity 7192K, committed 7424K, reserved 1056768K
  class space    used 613K, capacity 656K, committed 768K, reserved 1048576K
Event: 19.120 GC heap after
Heap after GC invocations=4 (full 0):
 PSYoungGen      total 138240K, used 5089K [0x00000000eab00000, 0x00000000f3700000, 0x0000000100000000)
  eden space 133120K, 0% used [0x00000000eab00000,0x00000000eab00000,0x00000000f2d00000)
  from space 5120K, 99% used [0x00000000f3200000,0x00000000f36f8658,0x00000000f3700000)
  to   space 5120K, 0% used [0x00000000f2d00000,0x00000000f2d00000,0x00000000f3200000)
 ParOldGen       total 87552K, used 24411K [0x00000000c0000000, 0x00000000c5580000, 0x00000000eab00000)
  object space 87552K, 27% used [0x00000000c0000000,0x00000000c17d6f38,0x00000000c5580000)
 Metaspace       used 6296K, capacity 7192K, committed 7424K, reserved 1056768K
  class space    used 613K, capacity 656K, committed 768K, reserved 1048576K
}

Deoptimization events (10 events):
Event: 17.920 Thread 0x0000000016d7e800 Uncommon trap: reason=unstable_if action=reinterpret pc=0x00000000032ffc40 method=java.util.HashMap.getNode(ILjava/lang/Object;)Ljava/util/HashMap$Node; @ 84
Event: 19.282 Thread 0x0000000016d7b000 Uncommon trap: reason=unstable_if action=reinterpret pc=0x00000000033d8c74 method=com.android.dx.rop.code.BasicBlockList.preferredSuccessorOf(Lcom/android/dx/rop/code/BasicBlock;)Lcom/android/dx/rop/code/BasicBlock; @ 58
Event: 19.308 Thread 0x0000000002abe800 Uncommon trap: reason=unstable_if action=reinterpret pc=0x0000000003204114 method=com.android.dx.ssa.MoveParamCombiner$1.visitNonMoveInsn(Lcom/android/dx/ssa/NormalSsaInsn;)V @ 27
Event: 19.342 Thread 0x0000000016d7e800 Uncommon trap: reason=bimorphic action=maybe_recompile pc=0x000000000318ded8 method=com.android.dx.ssa.LiteralOpUpgrader.tryReplacingWithConstant(Lcom/android/dx/ssa/NormalSsaInsn;)Z @ 62
Event: 21.283 Thread 0x0000000016d80000 Uncommon trap: reason=unstable_if action=reinterpret pc=0x00000000030ac6c4 method=java.util.HashMap.putVal(ILjava/lang/Object;Ljava/lang/Object;ZZ)Ljava/lang/Object; @ 162
Event: 21.302 Thread 0x0000000016d7b000 Uncommon trap: reason=unstable_if action=reinterpret pc=0x00000000032c6674 method=java.util.HashMap.resize()[Ljava/util/HashMap$Node; @ 206
Event: 23.545 Thread 0x0000000016d7f800 Uncommon trap: reason=unstable_if action=reinterpret pc=0x000000000332de18 method=com.android.dx.ssa.SCCP.simulateBranch(Lcom/android/dx/ssa/SsaInsn;)V @ 548
Event: 23.545 Thread 0x0000000016d7f800 Uncommon trap: reason=unstable_if action=reinterpret pc=0x00000000034c3de0 method=com.android.dx.ssa.SCCP.replaceBranches()V @ 14
Event: 23.560 Thread 0x0000000016d7f800 Uncommon trap: reason=unstable_if action=reinterpret pc=0x00000000034bfe74 method=com.android.dx.cf.code.ByteCatchList.listFor(I)Lcom/android/dx/cf/code/ByteCatchList; @ 47
Event: 23.836 Thread 0x0000000016d7e800 Uncommon trap: reason=unstable_if action=reinterpret pc=0x00000000032daa0c method=com.android.dx.rop.cst.CstNat.equals(Ljava/lang/Object;)Z @ 25

Internal exceptions (5 events):
Event: 0.099 Thread 0x0000000002abe800 Exception <a 'java/lang/NoSuchMethodError': Method sun.misc.Unsafe.defineClass(Ljava/lang/String;[BII)Ljava/lang/Class; name or signature does not match> (0x00000000eab07cc0) thrown at [D:\re\workspace\8-2-build-windows-amd64-cygwin\jdk8u92\6642\hotspot\sräùŒ;ÔQπ?
Event: 0.099 Thread 0x0000000002abe800 Exception <a 'java/lang/NoSuchMethodError': Method sun.misc.Unsafe.prefetchRead(Ljava/lang/Object;J)V name or signature does not match> (0x00000000eab07fa8) thrown at [D:\re\workspace\8-2-build-windows-amd64-cygwin\jdk8u92\6642\hotspot\src\share\vm\prims\j$GŸ•x 1@
Event: 17.127 Thread 0x0000000016d7e800 Exception <a 'java/lang/ArrayIndexOutOfBoundsException': 18> (0x00000000edaa8fd8) thrown at [D:\re\workspace\8-2-build-windows-amd64-cygwin\jdk8u92\6642\hotspot\src\share\vm\interpreter\interpreterRuntime.cpp, line 366]
Event: 17.143 Thread 0x0000000016d7e800 Exception <a 'java/lang/ArrayIndexOutOfBoundsException'> (0x00000000edaaab58) thrown at [D:\re\workspace\8-2-build-windows-amd64-cygwin\jdk8u92\6642\hotspot\src\share\vm\runtime\sharedRuntime.cpp, line 605]
Event: 17.800 Thread 0x0000000016d7e800 Exception <a 'java/lang/ArrayIndexOutOfBoundsException'> (0x00000000edaabe40) thrown at [D:\re\workspace\8-2-build-windows-amd64-cygwin\jdk8u92\6642\hotspot\src\share\vm\runtime\sharedRuntime.cpp, line 605]

Events (10 events):
Event: 23.715 Thread 0x00000000152dd800 flushing nmethod 0x0000000002cda310
Event: 23.720 Thread 0x0000000016b2b000 flushing nmethod 0x0000000002d219d0
Event: 23.720 Thread 0x0000000016b2b000 flushing nmethod 0x0000000002d32d10
Event: 23.720 Thread 0x0000000016b2b000 flushing nmethod 0x0000000002d330d0
Event: 23.720 Thread 0x0000000016b2b000 flushing nmethod 0x0000000002d34e10
Event: 23.836 Thread 0x0000000016d7e800 Uncommon trap: trap_request=0xffffff65 fr.pc=0x00000000032daa0c
Event: 23.836 Thread 0x0000000016d7e800 DEOPT PACKING pc=0x00000000032daa0c sp=0x00000000175de280
Event: 23.836 Thread 0x0000000016d7e800 DEOPT UNPACKING pc=0x0000000002c0556a sp=0x00000000175de1a0 mode 2
Event: 23.866 Thread 0x0000000016d7e800 DEOPT PACKING pc=0x0000000002fcfb16 sp=0x00000000175deb80
Event: 23.866 Thread 0x0000000016d7e800 DEOPT UNPACKING pc=0x0000000002c071bf sp=0x00000000175de8e8 mode 0


Dynamic libraries:
0x00007ff6a6b80000 - 0x00007ff6a6bb7000 	C:\Program Files\Java\jdk1.8.0_92\bin\java.exe
0x00007ffba1940000 - 0x00007ffba1ae9000 	C:\Windows\SYSTEM32\ntdll.dll
0x00007ffb9f690000 - 0x00007ffb9f7ca000 	C:\Windows\system32\KERNEL32.DLL
0x00007ffb9eee0000 - 0x00007ffb9efef000 	C:\Windows\system32\KERNELBASE.dll
0x00007ffba0d60000 - 0x00007ffba0e05000 	C:\Windows\system32\ADVAPI32.dll
0x00007ffba1400000 - 0x00007ffba1571000 	C:\Windows\system32\USER32.dll
0x00007ffb9ced0000 - 0x00007ffb9d12a000 	C:\Windows\WinSxS\amd64_microsoft.windows.common-controls_6595b64144ccf1df_6.0.9600.16384_none_62475f7becb72503\COMCTL32.dll
0x00007ffba15e0000 - 0x00007ffba1687000 	C:\Windows\system32\msvcrt.dll
0x00007ffba1580000 - 0x00007ffba15d7000 	C:\Windows\SYSTEM32\sechost.dll
0x00007ffb9f800000 - 0x00007ffb9f936000 	C:\Windows\system32\RPCRT4.dll
0x00007ffba0e10000 - 0x00007ffba0f55000 	C:\Windows\system32\GDI32.dll
0x00007ffb9f270000 - 0x00007ffb9f2a4000 	C:\Windows\system32\IMM32.DLL
0x00007ffb9f2b0000 - 0x00007ffb9f3e9000 	C:\Windows\system32\MSCTF.dll
0x0000000053b40000 - 0x0000000053c12000 	C:\Program Files\Java\jdk1.8.0_92\jre\bin\msvcr100.dll
0x00000000532a0000 - 0x0000000053b36000 	C:\Program Files\Java\jdk1.8.0_92\jre\bin\server\jvm.dll
0x00007ffb9b660000 - 0x00007ffb9b669000 	C:\Windows\SYSTEM32\WSOCK32.dll
0x00007ffb9c4f0000 - 0x00007ffb9c50f000 	C:\Windows\SYSTEM32\WINMM.dll
0x00007ffb9b400000 - 0x00007ffb9b40a000 	C:\Windows\SYSTEM32\VERSION.dll
0x00007ffb9f7d0000 - 0x00007ffb9f7d7000 	C:\Windows\system32\PSAPI.DLL
0x00007ffb9f5d0000 - 0x00007ffb9f628000 	C:\Windows\system32\WS2_32.dll
0x00007ffb9c4b0000 - 0x00007ffb9c4da000 	C:\Windows\SYSTEM32\WINMMBASE.dll
0x00007ffba1880000 - 0x00007ffba1889000 	C:\Windows\system32\NSI.dll
0x00007ffb9ede0000 - 0x00007ffb9ee2a000 	C:\Windows\SYSTEM32\cfgmgr32.dll
0x00007ffb9db50000 - 0x00007ffb9db76000 	C:\Windows\SYSTEM32\DEVOBJ.dll
0x00000000550d0000 - 0x00000000550df000 	C:\Program Files\Java\jdk1.8.0_92\jre\bin\verify.dll
0x0000000053270000 - 0x0000000053299000 	C:\Program Files\Java\jdk1.8.0_92\jre\bin\java.dll
0x0000000053250000 - 0x0000000053266000 	C:\Program Files\Java\jdk1.8.0_92\jre\bin\zip.dll
0x00007ffb9f950000 - 0x00007ffba0d5e000 	C:\Windows\system32\SHELL32.dll
0x00007ffba1690000 - 0x00007ffba1867000 	C:\Windows\SYSTEM32\combase.dll
0x00007ffb9f630000 - 0x00007ffb9f681000 	C:\Windows\system32\SHLWAPI.dll
0x00007ffb9d5b0000 - 0x00007ffb9d651000 	C:\Windows\SYSTEM32\SHCORE.dll
0x00007ffb9ecc0000 - 0x00007ffb9ecd4000 	C:\Windows\SYSTEM32\profapi.dll

VM Arguments:
jvm_args: -Djava.awt.headless=true -Xmx1024M -Dfile.encoding=windows-1256 -Duser.country=US -Duser.language=en -Duser.variant 
java_command: com.android.dx.command.Main --dex --force-jumbo --num-threads=4 --multi-dex --output F:\PROJECTS\ME\BrainBoostNumbersPuzzle\app\build\intermediates\transforms\dex\debug\folders\1000\10\com.android.support-appcompat-v7-24.2.1_c7e2da6139b29cc8106ca92709af30061f5ce1a2 F:\PROJECTS\ME\BrainBoostNumbersPuzzle\app\build\intermediates\exploded-aar\com.android.support\appcompat-v7\24.2.1\jars\classes.jar
java_class_path (initial): E:\GameBackup\Source\cocos2d-x-3.2\android\adt\sdk\build-tools\25.0.2\lib\dx.jar
Launcher Type: SUN_STANDARD

Environment Variables:
JAVA_HOME=C:\Program Files\Java\jdk1.8.0_92
USERNAME=kami
OS=Windows_NT
PROCESSOR_IDENTIFIER=Intel64 Family 6 Model 15 Stepping 11, GenuineIntel



---------------  S Y S T E M  ---------------

OS: Windows 8.1 , 64 bit Build 9600 (6.3.9600.16384)

CPU:total 4 (4 cores per cpu, 1 threads per core) family 6 model 15 stepping 11, cmov, cx8, fxsr, mmx, sse, sse2, sse3, ssse3, tsc

Memory: 4k page, physical 8387668k(930564k free), swap 18465604k(5224k free)

vm_info: Java HotSpot(TM) 64-Bit Server VM (25.92-b14) for windows-amd64 JRE (1.8.0_92-b14), built on Mar 31 2016 21:03:04 by "java_re" with MS VC++ 10.0 (VS2010)

time: Sun Jan 01 23:44:53 2017
elapsed time: 24 seconds (0d 0h 0m 24s)

